[21:51:35.056] [INFO] storybook v10.4.2
[21:51:36.914] [DEBUG] Getting package.json info for /Volumes/files/src /cellixjs/apps/ui-staff/package.json...
[21:51:43.266] [WARN] No story files found for the specified pattern: ../../../apps/ui-staff/src/**/*.stories.@(js|jsx|mjs|ts|tsx)
[21:51:48.375] [DEBUG] Serving static files from node_modules/.pnpm/@chromatic-com+storybook@5.2.1_storybook@10.4.2_@testing-library+dom@10.4.1_@types+reac_9094d82c1248556a9c0e84a3ed6aa187/node_modules/@chromatic-com/storybook/assets at /addon-visual-tests-assets
[21:51:48.378] [INFO] Starting...
[21:51:49.673] [DEBUG] Starting preview..
[21:51:51.381] [DEBUG] Using tsconfig paths for react-docgen
[21:51:53.199] [DEBUG] Change detection enabled.
[21:51:53.199] [DEBUG] Change detection: snapshotting Vite resolve config (restart required if vite.config.ts changes)
[21:51:53.200] [DEBUG] Change detection: ignored 12 regex alias(es); related modules tracked as opaque-leaf.
[21:51:53.200] [DEBUG] ChangeDetectionResolverFactory: skipped regex aliases [/^@storybook\/global$/, /^storybook\/test$/, /^storybook\/actions$/, /^storybook\/preview-api$/, /^storybook\/internal\/channels$/, /^storybook\/internal\/client-logger$/, /^storybook\/internal\/core-events$/, /^storybook\/internal\/preview-errors$/, /^storybook\/internal\/types$/, /^storybook\/internal\/preview-api$/, /^\/?@vite\/env/, /^\/?@vite\/client/]
[21:51:53.480] [ERROR] [38;2;241;97;97mError: listen EADDRINUSE: address already in use :::6007[39m
    at Server.setupListenHandle [as _listen2] (node:net:1940:16)
    at listenInCluster (node:net:1997:12)
    at Server.listen (node:net:2102:7)
    at _Polka.listen (file:///Volumes/files/src%20/cellixjs/node_modules/.pnpm/storybook@10.4.2_@testing-library+dom@10.4.1_@types+react@19.2.7_react-dom@19.2.0_react@19.2.0__react@19.2.0/node_modules/storybook/dist/core-server/index.js:17345:110)
    at file:///Volumes/files/src%20/cellixjs/node_modules/.pnpm/storybook@10.4.2_@testing-library+dom@10.4.1_@types+react@19.2.7_react-dom@19.2.0_react@19.2.0__react@19.2.0/node_modules/storybook/dist/core-server/index.js:18938:39
    at new Promise (<anonymous>)
    at storybookDevServer (file:///Volumes/files/src%20/cellixjs/node_modules/.pnpm/storybook@10.4.2_@testing-library+dom@10.4.1_@types+react@19.2.7_react-dom@19.2.0_react@19.2.0__react@19.2.0/node_modules/storybook/dist/core-server/index.js:18937:19)
    at async buildOrThrow (file:///Volumes/files/src%20/cellixjs/node_modules/.pnpm/storybook@10.4.2_@testing-library+dom@10.4.1_@types+react@19.2.7_react-dom@19.2.0_react@19.2.0__react@19.2.0/node_modules/storybook/dist/core-server/index.js:8205:12)
    at async buildDevStandalone (file:///Volumes/files/src%20/cellixjs/node_modules/.pnpm/storybook@10.4.2_@testing-library+dom@10.4.1_@types+react@19.2.7_react-dom@19.2.0_react@19.2.0__react@19.2.0/node_modules/storybook/dist/core-server/index.js:19478:41)
    at async withTelemetry (file:///Volumes/files/src%20/cellixjs/node_modules/.pnpm/storybook@10.4.2_@testing-library+dom@10.4.1_@types+react@19.2.7_react-dom@19.2.0_react@19.2.0__react@19.2.0/node_modules/storybook/dist/_node-chunks/chunk-PU4IASEN.js:655:12)
[21:51:53.485] [WARN] Broken build, fix the error above.
You may need to refresh the browser.
[21:51:53.689] [DEBUG] ChangeDetectionResolverFactory: 'react-oidc-context' from '/Volumes/files/src /cellixjs/packages/ocom/ui-staff-route-root/src/components/header.tsx' unresolved ("." is not exported under the conditions ["storybook", "stories", "test", "module", "browser", "development|production"] from package /Volumes/files/src /cellixjs/packages/ocom/ui-staff-route-root/node_modules/react-oidc-context (see exports field in /Volumes/files/src /cellixjs/packages/ocom/ui-staff-route-root/node_modules/react-oidc-context/package.json))
[21:51:53.689] [DEBUG] Could not resolve react-oidc-context from /Volumes/files/src /cellixjs/packages/ocom/ui-staff-route-root/src/components/header.tsx
[21:51:53.711] [DEBUG] ChangeDetectionResolverFactory: 'react-oidc-context' from '/Volumes/files/src /cellixjs/packages/ocom/ui-shared/src/components/organisms/header/logged-in-user-root.container.tsx' unresolved ("." is not exported under the conditions ["storybook", "stories", "test", "module", "browser", "development|production"] from package /Volumes/files/src /cellixjs/packages/ocom/ui-shared/node_modules/react-oidc-context (see exports field in /Volumes/files/src /cellixjs/packages/ocom/ui-shared/node_modules/react-oidc-context/package.json))
[21:51:53.711] [DEBUG] Could not resolve react-oidc-context from /Volumes/files/src /cellixjs/packages/ocom/ui-shared/src/components/organisms/header/logged-in-user-root.container.tsx
[21:51:53.713] [DEBUG] ChangeDetectionResolverFactory: 'react-oidc-context' from '/Volumes/files/src /cellixjs/packages/ocom/ui-shared/src/components/organisms/header/logged-in-user-community.container.tsx' unresolved ("." is not exported under the conditions ["storybook", "stories", "test", "module", "browser", "development|production"] from package /Volumes/files/src /cellixjs/packages/ocom/ui-shared/node_modules/react-oidc-context (see exports field in /Volumes/files/src /cellixjs/packages/ocom/ui-shared/node_modules/react-oidc-context/package.json))
[21:51:53.713] [DEBUG] Could not resolve react-oidc-context from /Volumes/files/src /cellixjs/packages/ocom/ui-shared/src/components/organisms/header/logged-in-user-community.container.tsx
[21:51:53.806] [DEBUG] ChangeDetectionResolverFactory: 'react-oidc-context' from '/Volumes/files/src /cellixjs/packages/cellix/ui-core/dist/components/molecules/require-auth/index.js' unresolved ("." is not exported under the conditions ["storybook", "stories", "test", "module", "browser", "development|production"] from package /Volumes/files/src /cellixjs/packages/cellix/ui-core/node_modules/react-oidc-context (see exports field in /Volumes/files/src /cellixjs/packages/cellix/ui-core/node_modules/react-oidc-context/package.json))
[21:51:53.806] [DEBUG] Could not resolve react-oidc-context from /Volumes/files/src /cellixjs/packages/cellix/ui-core/dist/components/molecules/require-auth/index.js
[21:51:53.843] [DEBUG] ChangeDetectionResolverFactory: 'react-oidc-context' from '/Volumes/files/src /cellixjs/packages/ocom/ui-shared/dist/components/organisms/header/logged-in-user-community.container.js' unresolved ("." is not exported under the conditions ["storybook", "stories", "test", "module", "browser", "development|production"] from package /Volumes/files/src /cellixjs/packages/ocom/ui-shared/node_modules/react-oidc-context (see exports field in /Volumes/files/src /cellixjs/packages/ocom/ui-shared/node_modules/react-oidc-context/package.json))
[21:51:53.843] [DEBUG] Could not resolve react-oidc-context from /Volumes/files/src /cellixjs/packages/ocom/ui-shared/dist/components/organisms/header/logged-in-user-community.container.js
[21:51:53.852] [DEBUG] ChangeDetectionResolverFactory: 'react-oidc-context' from '/Volumes/files/src /cellixjs/packages/ocom/ui-shared/dist/components/organisms/header/logged-in-user-root.container.js' unresolved ("." is not exported under the conditions ["storybook", "stories", "test", "module", "browser", "development|production"] from package /Volumes/files/src /cellixjs/packages/ocom/ui-shared/node_modules/react-oidc-context (see exports field in /Volumes/files/src /cellixjs/packages/ocom/ui-shared/node_modules/react-oidc-context/package.json))
[21:51:53.852] [DEBUG] Could not resolve react-oidc-context from /Volumes/files/src /cellixjs/packages/ocom/ui-shared/dist/components/organisms/header/logged-in-user-root.container.js
[21:51:53.856] [DEBUG] Change detection graph built: 28 stories, 96 deps tracked, 655ms